<?xml version="1.0" encoding="UTF-8"?>
<!-- Generated by org.testng.reporters.JUnitReportReporter -->
<testsuite skipped="0" hostname="kyevseyev-w10" name="MyClass" tests="1" failures="0" timestamp="2020-02-28T10:28:54 IST" time="8.584" errors="0">
  <testcase name="f" time="8.584" classname="MyClass"/>
  <system-out/>
</testsuite> <!-- MyClass -->
